{
  "Unit Tests": {
    "coverage": {
      "/home/lucas/rails_projects/todo3/app/models/color.rb": [
        1,
        null
      ],
      "/home/lucas/rails_projects/todo3/app/models/checklist.rb": [
        1,
        1,
        1,
        null
      ],
      "/home/lucas/rails_projects/todo3/app/models/task.rb": [
        1,
        1,
        1,
        1,
        null
      ],
      "/home/lucas/rails_projects/todo3/app/models/list.rb": [
        1,
        1,
        1,
        null
      ],
      "/home/lucas/rails_projects/todo3/test/models/task_test.rb": [
        1,
        null,
        1,
        null,
        1,
        0,
        null,
        null
      ]
    },
    "timestamp": 1386643996
  },
  "RSpec": {
    "coverage": {
      "/home/lucas/rails_projects/todo3/spec/models/checklist_spec.rb": [
        1,
        null,
        1,
        null,
        null
      ],
      "/home/lucas/rails_projects/todo3/app/models/checklist.rb": [
        1,
        1,
        1,
        null
      ],
      "/home/lucas/rails_projects/todo3/spec/models/color_spec.rb": [
        1,
        null,
        1,
        null,
        null
      ],
      "/home/lucas/rails_projects/todo3/app/models/color.rb": [
        1,
        null
      ],
      "/home/lucas/rails_projects/todo3/spec/models/list_spec.rb": [
        1,
        null,
        1,
        null,
        null
      ],
      "/home/lucas/rails_projects/todo3/app/models/list.rb": [
        1,
        1,
        1,
        null
      ],
      "/home/lucas/rails_projects/todo3/spec/models/task_spec.rb": [
        1,
        null,
        1,
        null,
        null
      ],
      "/home/lucas/rails_projects/todo3/app/models/task.rb": [
        1,
        1,
        1,
        1,
        null
      ],
      "/home/lucas/rails_projects/todo3/spec/models/user_spec.rb": [
        1,
        null,
        1,
        null,
        null
      ],
      "/home/lucas/rails_projects/todo3/spec/requests/admins_spec.rb": [
        1,
        null,
        1,
        1,
        1,
        null,
        1,
        1,
        null,
        null,
        null
      ],
      "/home/lucas/rails_projects/todo3/spec/requests/checklists_spec.rb": [
        1,
        null,
        1,
        1,
        1,
        null,
        1,
        1,
        null,
        null,
        null
      ],
      "/home/lucas/rails_projects/todo3/spec/requests/colors_spec.rb": [
        1,
        null,
        1,
        1,
        1,
        null,
        1,
        1,
        null,
        null,
        null
      ],
      "/home/lucas/rails_projects/todo3/spec/requests/lists_spec.rb": [
        1,
        null,
        1,
        1,
        1,
        null,
        1,
        1,
        null,
        null,
        null
      ],
      "/home/lucas/rails_projects/todo3/spec/requests/tasks_spec.rb": [
        1,
        null,
        1,
        1,
        1,
        null,
        1,
        1,
        null,
        null,
        null
      ],
      "/home/lucas/rails_projects/todo3/spec/routing/checklists_routing_spec.rb": [
        1,
        null,
        1,
        1,
        null,
        1,
        1,
        null,
        null,
        1,
        1,
        null,
        null,
        1,
        1,
        null,
        null,
        1,
        1,
        null,
        null,
        1,
        1,
        null,
        null,
        1,
        1,
        null,
        null,
        1,
        1,
        null,
        null,
        null,
        null
      ],
      "/home/lucas/rails_projects/todo3/app/controllers/checklists_controller.rb": [
        1,
        1,
        null,
        null,
        null,
        1,
        0,
        null,
        null,
        1,
        0,
        0,
        0,
        null,
        0,
        null,
        0,
        null,
        null,
        null,
        null,
        1,
        null,
        null,
        null,
        1,
        0,
        0,
        0,
        null,
        0,
        null,
        null,
        null,
        null,
        1,
        0,
        0,
        0,
        null,
        null,
        null,
        null,
        null,
        1,
        0,
        0,
        0,
        null,
        null,
        null,
        null,
        null,
        null,
        1,
        0,
        null,
        null,
        null,
        null,
        null,
        null,
        1,
        0,
        0,
        0,
        0,
        null,
        null,
        null,
        1,
        null,
        1,
        0,
        null,
        null,
        null,
        1,
        0,
        null,
        null
      ],
      "/home/lucas/rails_projects/todo3/app/controllers/application_controller.rb": [
        1,
        null,
        null,
        1,
        1,
        null,
        1,
        null,
        1,
        5,
        5,
        5,
        5,
        null,
        null,
        null,
        null,
        null,
        1,
        null,
        1,
        0,
        null,
        null,
        null
      ],
      "/home/lucas/rails_projects/todo3/spec/routing/colors_routing_spec.rb": [
        1,
        null,
        1,
        1,
        null,
        1,
        1,
        null,
        null,
        1,
        1,
        null,
        null,
        1,
        1,
        null,
        null,
        1,
        1,
        null,
        null,
        1,
        1,
        null,
        null,
        1,
        1,
        null,
        null,
        1,
        1,
        null,
        null,
        null,
        null
      ],
      "/home/lucas/rails_projects/todo3/app/controllers/colors_controller.rb": [
        1,
        1,
        1,
        null,
        null,
        null,
        1,
        0,
        null,
        null,
        null,
        null,
        1,
        null,
        null,
        null,
        1,
        0,
        null,
        null,
        null,
        1,
        null,
        null,
        null,
        null,
        1,
        0,
        null,
        0,
        0,
        0,
        0,
        null,
        0,
        0,
        null,
        null,
        null,
        null,
        null,
        null,
        1,
        0,
        0,
        0,
        0,
        null,
        0,
        0,
        null,
        null,
        null,
        null,
        null,
        null,
        1,
        0,
        0,
        0,
        0,
        null,
        null,
        null,
        1,
        null,
        1,
        0,
        null,
        null,
        null,
        1,
        0,
        null,
        null
      ],
      "/home/lucas/rails_projects/todo3/spec/routing/lists_routing_spec.rb": [
        1,
        null,
        1,
        1,
        null,
        1,
        1,
        null,
        null,
        1,
        1,
        null,
        null,
        1,
        1,
        null,
        null,
        1,
        1,
        null,
        null,
        1,
        1,
        null,
        null,
        1,
        1,
        null,
        null,
        1,
        1,
        null,
        null,
        null,
        null
      ],
      "/home/lucas/rails_projects/todo3/app/controllers/lists_controller.rb": [
        1,
        1,
        1,
        null,
        null,
        null,
        1,
        0,
        null,
        null,
        null,
        null,
        1,
        null,
        null,
        null,
        1,
        0,
        null,
        null,
        null,
        1,
        null,
        null,
        null,
        null,
        1,
        0,
        0,
        null,
        null,
        null,
        null,
        null,
        null,
        1,
        0,
        null,
        null,
        null,
        null,
        null,
        null,
        1,
        0,
        0,
        0,
        0,
        null,
        null,
        null,
        1,
        null,
        1,
        0,
        null,
        null,
        null,
        1,
        0,
        null,
        null
      ],
      "/home/lucas/rails_projects/todo3/spec/routing/tasks_routing_spec.rb": [
        1,
        null,
        1,
        1,
        null,
        1,
        1,
        null,
        null,
        1,
        1,
        null,
        null,
        1,
        1,
        null,
        null,
        1,
        1,
        null,
        null,
        1,
        1,
        null,
        null,
        1,
        1,
        null,
        null,
        1,
        1,
        null,
        null,
        null,
        null
      ],
      "/home/lucas/rails_projects/todo3/app/controllers/tasks_controller.rb": [
        1,
        1,
        1,
        1,
        null,
        null,
        null,
        1,
        0,
        null,
        null,
        null,
        null,
        1,
        0,
        0,
        null,
        null,
        null,
        1,
        0,
        0,
        0,
        null,
        0,
        null,
        null,
        null,
        null,
        1,
        0,
        0,
        null,
        null,
        null,
        null,
        1,
        0,
        0,
        0,
        null,
        null,
        null,
        null,
        null,
        null,
        1,
        0,
        null,
        null,
        null,
        null,
        null,
        null,
        1,
        0,
        0,
        0,
        0,
        null,
        null,
        null,
        1,
        null,
        1,
        0,
        null,
        null,
        null,
        1,
        0,
        null,
        null
      ],
      "/home/lucas/rails_projects/todo3/spec/views/admins/index.html.erb_spec.rb": [
        1,
        null,
        1,
        1,
        1,
        null,
        null,
        null,
        null,
        null,
        1,
        1,
        null,
        null,
        null
      ],
      "/home/lucas/rails_projects/todo3/spec/views/checklists/edit.html.erb_spec.rb": [
        1,
        null,
        1,
        1,
        1,
        null,
        null,
        1,
        1,
        null,
        null,
        1,
        null,
        null,
        null
      ],
      "/home/lucas/rails_projects/todo3/spec/views/checklists/index.html.erb_spec.rb": [
        1,
        null,
        1,
        1,
        1,
        null,
        null,
        null,
        null,
        null,
        1,
        1,
        null,
        null,
        null
      ],
      "/home/lucas/rails_projects/todo3/spec/views/checklists/new.html.erb_spec.rb": [
        1,
        null,
        1,
        1,
        1,
        null,
        null,
        1,
        1,
        null,
        null,
        1,
        null,
        null,
        null
      ],
      "/home/lucas/rails_projects/todo3/spec/views/checklists/show.html.erb_spec.rb": [
        1,
        null,
        1,
        1,
        1,
        null,
        null,
        1,
        1,
        null,
        null,
        null
      ],
      "/home/lucas/rails_projects/todo3/spec/views/colors/edit.html.erb_spec.rb": [
        1,
        null,
        1,
        1,
        1,
        null,
        null,
        1,
        1,
        null,
        null,
        1,
        null,
        null,
        null
      ],
      "/home/lucas/rails_projects/todo3/spec/views/colors/index.html.erb_spec.rb": [
        1,
        null,
        1,
        1,
        1,
        null,
        null,
        null,
        null,
        null,
        1,
        1,
        null,
        null,
        null
      ],
      "/home/lucas/rails_projects/todo3/spec/views/colors/new.html.erb_spec.rb": [
        1,
        null,
        1,
        1,
        1,
        null,
        null,
        1,
        1,
        null,
        null,
        1,
        null,
        null,
        null
      ],
      "/home/lucas/rails_projects/todo3/spec/views/colors/show.html.erb_spec.rb": [
        1,
        null,
        1,
        1,
        1,
        null,
        null,
        1,
        1,
        null,
        null,
        null
      ],
      "/home/lucas/rails_projects/todo3/spec/views/lists/index.html.erb_spec.rb": [
        1,
        null,
        1,
        1,
        1,
        null,
        null,
        null,
        null,
        null,
        1,
        1,
        null,
        null,
        null
      ],
      "/home/lucas/rails_projects/todo3/spec/views/lists/show.html.erb_spec.rb": [
        1,
        null,
        1,
        1,
        1,
        null,
        null,
        1,
        1,
        null,
        null,
        null
      ],
      "/home/lucas/rails_projects/todo3/spec/views/tasks/edit.html.erb_spec.rb": [
        1,
        null,
        1,
        1,
        1,
        null,
        null,
        1,
        1,
        null,
        null,
        1,
        null,
        null,
        null
      ],
      "/home/lucas/rails_projects/todo3/spec/views/tasks/index.html.erb_spec.rb": [
        1,
        null,
        1,
        1,
        1,
        null,
        null,
        null,
        null,
        null,
        1,
        1,
        null,
        null,
        null
      ],
      "/home/lucas/rails_projects/todo3/spec/views/tasks/new.html.erb_spec.rb": [
        1,
        null,
        1,
        1,
        1,
        null,
        null,
        1,
        1,
        null,
        null,
        1,
        null,
        null,
        null
      ],
      "/home/lucas/rails_projects/todo3/spec/views/tasks/show.html.erb_spec.rb": [
        1,
        null,
        1,
        1,
        1,
        null,
        null,
        1,
        1,
        null,
        null,
        null
      ],
      "/home/lucas/rails_projects/todo3/app/controllers/admins_controller.rb": [
        1,
        1,
        null,
        null
      ]
    },
    "timestamp": 1386648895
  }
}
