{
  "Unit Tests": {
    "coverage": {
      "/home/lucas/rails_projects/todo3/app/models/color.rb": [
        1,
        null
      ],
      "/home/lucas/rails_projects/todo3/app/models/checklist.rb": [
        1,
        1,
        1,
        null
      ],
      "/home/lucas/rails_projects/todo3/app/models/task.rb": [
        1,
        1,
        1,
        1,
        null
      ],
      "/home/lucas/rails_projects/todo3/app/models/list.rb": [
        1,
        1,
        1,
        null
      ],
      "/home/lucas/rails_projects/todo3/test/models/task_test.rb": [
        1,
        null,
        1,
        null,
        1,
        0,
        null,
        null
      ]
    },
    "timestamp": 1386643996
  },
  "RSpec": {
    "coverage": {
      "/home/lucas/rails_projects/todo3/app/models/user.rb": [
        1,
        1,
        1,
        null,
        null,
        null,
        null,
        null
      ],
      "/home/lucas/rails_projects/todo3/app/uploaders/avatar_uploader.rb": [
        null,
        null,
        1,
        null,
        null,
        null,
        null,
        null,
        null,
        1,
        null,
        null,
        null,
        null,
        1,
        0,
        null,
        null,
        null,
        null,
        null,
        null,
        null,
        null,
        null,
        null,
        null,
        null,
        null,
        null,
        null,
        null,
        null,
        null,
        null,
        null,
        null,
        null,
        null,
        null,
        null,
        null,
        null,
        null,
        null,
        null,
        null,
        null,
        null,
        null,
        null
      ],
      "/home/lucas/rails_projects/todo3/app/models/admin.rb": [
        1,
        null,
        1,
        null,
        null,
        null
      ],
      "/home/lucas/rails_projects/todo3/app/helpers/application_helper.rb": [
        1,
        null,
        1,
        0,
        null,
        0,
        null,
        0,
        null,
        0,
        null,
        0,
        null,
        0,
        null,
        null,
        null,
        null
      ],
      "/home/lucas/rails_projects/todo3/app/helpers/checklists_helper.rb": [
        1,
        null
      ],
      "/home/lucas/rails_projects/todo3/app/helpers/colors_helper.rb": [
        1,
        null
      ],
      "/home/lucas/rails_projects/todo3/app/helpers/items_helper.rb": [
        1,
        null
      ],
      "/home/lucas/rails_projects/todo3/app/helpers/layout_helper.rb": [
        1,
        1,
        1,
        1,
        null,
        null,
        1,
        1,
        null,
        null
      ],
      "/home/lucas/rails_projects/todo3/app/helpers/lists_helper.rb": [
        1,
        null
      ],
      "/home/lucas/rails_projects/todo3/app/helpers/tasks_helper.rb": [
        1,
        null
      ],
      "/home/lucas/rails_projects/todo3/app/controllers/checklists_controller.rb": [
        1,
        1,
        null,
        null,
        null,
        1,
        1,
        null,
        null,
        1,
        0,
        0,
        0,
        null,
        0,
        null,
        0,
        null,
        null,
        null,
        null,
        1,
        null,
        null,
        null,
        1,
        1,
        0,
        0,
        null,
        1,
        null,
        null,
        null,
        null,
        1,
        0,
        0,
        0,
        null,
        null,
        null,
        null,
        null,
        1,
        0,
        0,
        0,
        null,
        null,
        null,
        null,
        null,
        null,
        1,
        0,
        null,
        null,
        null,
        null,
        null,
        null,
        1,
        null,
        null,
        null,
        1,
        null,
        1,
        0,
        null,
        null,
        null,
        1,
        0,
        null,
        null
      ],
      "/home/lucas/rails_projects/todo3/app/controllers/application_controller.rb": [
        1,
        null,
        null,
        1,
        null,
        null,
        1,
        null,
        null,
        null,
        1,
        null,
        1,
        0,
        null,
        null,
        null
      ],
      "/home/lucas/rails_projects/todo3/app/controllers/colors_controller.rb": [
        1,
        1,
        1,
        null,
        null,
        null,
        1,
        null,
        null,
        null,
        null,
        null,
        1,
        null,
        null,
        null,
        1,
        null,
        null,
        null,
        null,
        1,
        null,
        null,
        null,
        null,
        1,
        null,
        null,
        null,
        null,
        1,
        null,
        null,
        null,
        null,
        1,
        null,
        null,
        1,
        null,
        1,
        null,
        null,
        null,
        1,
        null,
        null
      ],
      "/home/lucas/rails_projects/todo3/app/controllers/lists_controller.rb": [
        1,
        1,
        1,
        null,
        null,
        null,
        1,
        null,
        null,
        null,
        null,
        null,
        1,
        null,
        null,
        null,
        1,
        1,
        null,
        null,
        null,
        1,
        null,
        null,
        null,
        null,
        1,
        5,
        0,
        null,
        null,
        null,
        null,
        null,
        null,
        1,
        0,
        null,
        null,
        null,
        null,
        null,
        null,
        1,
        0,
        0,
        0,
        0,
        null,
        null,
        null,
        1,
        null,
        1,
        0,
        null,
        null,
        null,
        1,
        5,
        null,
        null
      ],
      "/home/lucas/rails_projects/todo3/app/controllers/tasks_controller.rb": [
        1,
        1,
        1,
        1,
        null,
        null,
        null,
        1,
        null,
        null,
        null,
        null,
        null,
        1,
        null,
        null,
        null,
        null,
        null,
        1,
        1,
        0,
        0,
        null,
        1,
        null,
        null,
        null,
        null,
        1,
        0,
        0,
        null,
        null,
        null,
        null,
        1,
        5,
        0,
        0,
        null,
        null,
        null,
        null,
        null,
        null,
        1,
        0,
        null,
        null,
        null,
        null,
        null,
        null,
        1,
        0,
        0,
        0,
        0,
        null,
        null,
        null,
        1,
        null,
        1,
        0,
        null,
        null,
        null,
        1,
        5,
        null,
        null
      ],
      "/home/lucas/rails_projects/todo3/app/models/checklist.rb": [
        1,
        1,
        1,
        null
      ],
      "/home/lucas/rails_projects/todo3/app/models/color.rb": [
        1,
        null
      ],
      "/home/lucas/rails_projects/todo3/app/models/list.rb": [
        1,
        1,
        1,
        null
      ],
      "/home/lucas/rails_projects/todo3/app/models/task.rb": [
        1,
        1,
        1,
        1,
        null
      ],
      "/home/lucas/rails_projects/todo3/app/controllers/admins_controller.rb": [
        1,
        1,
        null,
        null
      ]
    },
    "timestamp": 1386711107
  }
}
